Power Analyzer report for AlgoBlocsMeasurements
Thu Apr 14 15:52:14 2022
Quartus Prime Version 17.1.0 Build 240 10/25/2017 SJ Pro Edition


---------------------
; Table of Contents ;
---------------------
  1. Legal Notice
  2. Parallel Compilation
  3. Power Analyzer Summary
  4. Power Savings Summary
  5. Power Analyzer Settings
  6. Power Analyzer Messages
  7. Indeterminate Toggle Rates
  8. Operating Conditions Used
  9. Thermal Power Dissipation by Block Type
 10. Current Drawn per Supply
 11. I/O Current Drawn per Supply
 12. I/O Current Drawn by Voltage
 13. Confidence Metric Details
 14. Signal Activities



----------------
; Legal Notice ;
----------------
Copyright (C) 2017  Intel Corporation. All rights reserved.
Your use of Intel Corporation's design tools, logic functions 
and other software and tools, and its AMPP partner logic 
functions, and any output files from any of the foregoing 
(including device programming or simulation files), and any 
associated documentation or information are expressly subject 
to the terms and conditions of the Intel Program License 
Subscription Agreement, the Intel Quartus Prime License Agreement,
the Intel FPGA IP License Agreement, or other applicable license
agreement, including, without limitation, that your use is for
the sole purpose of programming logic devices manufactured by
Intel and sold by Intel or its authorized distributors.  Please
refer to the applicable agreement for further details.



+------------------------------------------+
; Parallel Compilation                     ;
+----------------------------+-------------+
; Processors                 ; Number      ;
+----------------------------+-------------+
; Number detected on machine ; 16          ;
; Maximum allowed            ; 8           ;
;                            ;             ;
; Average used               ; 1.28        ;
; Maximum used               ; 8           ;
;                            ;             ;
; Usage by Processor         ; % Time Used ;
;     Processor 1            ; 100.0%      ;
;     Processors 2-8         ;   4.1%      ;
+----------------------------+-------------+


+--------------------------------------------------------------------------------------------------+
; Power Analyzer Summary                                                                           ;
+-----------------------------------------------+--------------------------------------------------+
; Power Analyzer Status                         ; Successful - Thu Apr 14 15:52:13 2022            ;
; Quartus Prime Version                         ; 17.1.0 Build 240 10/25/2017 SJ Pro Edition       ;
; Revision Name                                 ; AlgoBlocsMeasurements                            ;
; Top-level Entity Name                         ; conv3x3_224_3_32_main                            ;
; Family                                        ; Cyclone 10 GX                                    ;
; Device                                        ; 10CX220YF780E5G                                  ;
; Power Models                                  ; Final                                            ;
; Total Thermal Power Dissipation               ; 1157.90 mW                                       ;
; Transceiver Standby Thermal Power Dissipation ; 0.00 mW                                          ;
; Transceiver Dynamic Thermal Power Dissipation ; 0.00 mW                                          ;
; I/O Standby Thermal Power Dissipation         ; 1.12 mW                                          ;
; I/O Dynamic Thermal Power Dissipation         ; 12.78 mW                                         ;
; Core Dynamic Thermal Power Dissipation        ; 508.97 mW                                        ;
; HPS Standby Thermal Power Dissipation         ; 0.00 mW                                          ;
; HPS Dynamic Thermal Power Dissipation         ; 0.00 mW                                          ;
; Device Static Thermal Power Dissipation       ; 635.04 mW                                        ;
; COPACKAGED Standby Thermal Power Dissipation  ; 0.00 mW                                          ;
; COPACKAGED Dynamic Thermal Power Dissipation  ; 0.00 mW                                          ;
; Power Estimation Confidence                   ; Low: user provided insufficient toggle rate data ;
+-----------------------------------------------+--------------------------------------------------+


+--------------------------------------+
; Power Savings Summary                ;
+------------------------+-------------+
; Power Savings Type     ; Power Saved ;
+------------------------+-------------+
; SmartVID Power Savings ; 0.00 mW     ;
+------------------------+-------------+


+------------------------------------------------------------------------------------------------------------------------------------+
; Power Analyzer Settings                                                                                                            ;
+----------------------------------------------------------------------------+---------------------------------------+---------------+
; Option                                                                     ; Setting                               ; Default Value ;
+----------------------------------------------------------------------------+---------------------------------------+---------------+
; Maximum processors allowed for parallel compilation                        ; All                                   ;               ;
; Enable parallel Assembler and TimeQuest Timing Analyzer during compilation ; On                                    ; On            ;
; Enable compact report table                                                ; Off                                   ; Off           ;
; Default Power Input I/O Toggle Rate                                        ; 90.0%                                 ; 12.5%         ;
; Preset Cooling Solution                                                    ; 23 MM HEAT SINK WITH 200 LFPM AIRFLOW ;               ;
; Board thermal model                                                        ; None (CONSERVATIVE)                   ;               ;
; Default Power Toggle Rate                                                  ; 12.5%                                 ; 12.5%         ;
; Use vectorless estimation                                                  ; On                                    ; On            ;
; Use Input Files                                                            ; Off                                   ; Off           ;
; Filter Glitches in VCD File Reader                                         ; On                                    ; On            ;
; Power Analyzer Report Signal Activity                                      ; Off                                   ; Off           ;
; Power Analyzer Report Power Dissipation                                    ; Off                                   ; Off           ;
; Device Power Characteristics                                               ; TYPICAL                               ; TYPICAL       ;
; Automatically Compute Junction Temperature                                 ; On                                    ; On            ;
; Specified Junction Temperature                                             ; 25                                    ; 25            ;
; Ambient Temperature                                                        ; 25                                    ; 25            ;
; Use Custom Cooling Solution                                                ; Off                                   ; Off           ;
; Board Temperature                                                          ; 25                                    ; 25            ;
; Enable HPS                                                                 ; Off                                   ; Off           ;
; Processor Frequency                                                        ; 0.0                                   ; 0.0           ;
; SmartVoltage ID                                                            ; Off                                   ; Off           ;
+----------------------------------------------------------------------------+---------------------------------------+---------------+


+-------------------------+
; Power Analyzer Messages ;
+-------------------------+
Info: *******************************************************************
Info: Running Quartus Prime Power Analyzer
    Info: Version 17.1.0 Build 240 10/25/2017 SJ Pro Edition
    Info: Processing started: Thu Apr 14 15:51:29 2022
Info: Command: quartus_pow --read_settings_files=off --write_settings_files=off AlgoBlocsMeasurements -c AlgoBlocsMeasurements
Info (16677): Loading final database
Info (16734): Loading "final" snapshot for partition "root_partition".
Info (16678): Successfully loaded final database: elapsed time is 00:00:05
Info (21077): Low junction temperature is 0 degrees C
Info (21077): High junction temperature is 100 degrees C
Info (19539): Reading the HDL-embedded SDC files elapsed 00:00:00.
Info (332104): Reading SDC File: 'measurements_config.sdc'
Info (332096): The command derive_clocks did not find any clocks to derive.  No clocks were created or changed.
Info (332151): Clock uncertainty is not calculated until you update the timing netlist.
Info (19449): Reading SDC files elapsed 00:00:01.
Info (332123): Deriving Clock Uncertainty. Please refer to report_sdc in TimeQuest to see clock uncertainties.
Info (332123): Deriving Clock Uncertainty. Please refer to report_sdc in TimeQuest to see clock uncertainties.
Info (332123): Deriving Clock Uncertainty. Please refer to report_sdc in TimeQuest to see clock uncertainties.
Info (332123): Deriving Clock Uncertainty. Please refer to report_sdc in TimeQuest to see clock uncertainties.
Info (223000): Starting Vectorless Power Activity Estimation
Warning (222013): Relative toggle rates could not be calculated because no clock domain could be identified for some nodes
Info (223001): Completed Vectorless Power Activity Estimation
Info (218000): Using Advanced I/O Power to simulate I/O buffers with the specified board trace model
Info (215049): Average toggle rate for this design is 9.479 millions of transitions / sec
Info (215031): Total thermal power estimate for the design is 1157.90 mW
Info: Quartus Prime Power Analyzer was successful. 0 errors, 1 warning
    Info: Peak virtual memory: 8081 megabytes
    Info: Processing ended: Thu Apr 14 15:52:14 2022
    Info: Elapsed time: 00:00:45
    Info: Total CPU time (on all processors): 00:02:21


+--------------------------------------------+
; Indeterminate Toggle Rates                 ;
+--------------+-----------------------------+
; Node         ; Reason                      ;
+--------------+-----------------------------+
; select_i[5]  ; No valid clock domain found ;
; select_i[6]  ; No valid clock domain found ;
; select_i[7]  ; No valid clock domain found ;
; select_i[8]  ; No valid clock domain found ;
; select_i[9]  ; No valid clock domain found ;
; select_i[10] ; No valid clock domain found ;
; select_i[11] ; No valid clock domain found ;
; select_i[12] ; No valid clock domain found ;
; select_i[13] ; No valid clock domain found ;
; select_i[14] ; No valid clock domain found ;
; select_i[15] ; No valid clock domain found ;
; select_i[16] ; No valid clock domain found ;
; select_i[17] ; No valid clock domain found ;
; select_i[18] ; No valid clock domain found ;
; select_i[19] ; No valid clock domain found ;
; select_i[20] ; No valid clock domain found ;
; select_i[21] ; No valid clock domain found ;
; select_i[22] ; No valid clock domain found ;
; select_i[23] ; No valid clock domain found ;
; select_i[24] ; No valid clock domain found ;
; select_i[25] ; No valid clock domain found ;
; select_i[26] ; No valid clock domain found ;
; select_i[27] ; No valid clock domain found ;
; select_i[28] ; No valid clock domain found ;
; select_i[29] ; No valid clock domain found ;
; select_i[30] ; No valid clock domain found ;
; select_i[31] ; No valid clock domain found ;
; in_data[0]   ; No valid clock domain found ;
; in_data[8]   ; No valid clock domain found ;
; in_data[16]  ; No valid clock domain found ;
+--------------+-----------------------------+


+-------------------------------------------------------------------------+
; Operating Conditions Used                                               ;
+---------------------------------------------+---------------------------+
; Setting                                     ; Value                     ;
+---------------------------------------------+---------------------------+
; Device power characteristics                ; Typical                   ;
;                                             ;                           ;
; Voltages                                    ;                           ;
;     VCCP                                    ; 0.90 V                    ;
;     VCCPT                                   ; 1.80 V                    ;
;     VCCA_PLL                                ; 1.80 V                    ;
;     VCC                                     ; 0.90 V                    ;
;     VCCPGM                                  ; 1.80 V                    ;
;     VCCBAT                                  ; 1.80 V                    ;
;     VCCERAM                                 ; 0.90 V                    ;
;     1.8 V I/O Standard                      ; 1.8 V                     ;
;                                             ;                           ;
; Auto computed junction temperature          ; 28.5 degrees Celsius      ;
;     Ambient temperature                     ; 25.0 degrees Celsius      ;
;     Junction-to-Case thermal resistance     ; 0.40 degrees Celsius/Watt ;
;     Case-to-Heat Sink thermal resistance    ; 0.10 degrees Celsius/Watt ;
;     Heat Sink-to-Ambient thermal resistance ; 2.50 degrees Celsius/Watt ;
;                                             ;                           ;
; Board model used                            ; None                      ;
+---------------------------------------------+---------------------------+


+----------------------------------------------------------------------------------------------------------------------------------------------------+
; Thermal Power Dissipation by Block Type                                                                                                            ;
+--------------------+-----------------------------------+-----------------------------+-----------------------------+-------------------------------+
; Block Type         ; Total Thermal Power by Block Type ; Block Thermal Dynamic Power ; Block Thermal Standby Power ; Routing Thermal Dynamic Power ;
+--------------------+-----------------------------------+-----------------------------+-----------------------------+-------------------------------+
; M20K               ; 210.53 mW                         ; 191.37 mW                   ; 0.00 mW                     ; 19.15 mW                      ;
; Combinational cell ; 49.55 mW                          ; 34.84 mW                    ; 0.00 mW                     ; 14.71 mW                      ;
; Register cell      ; 95.39 mW                          ; 25.35 mW                    ; 0.00 mW                     ; 70.04 mW                      ;
; IO Analog          ; 13.55 mW                          ; 12.78 mW                    ; 0.77 mW                     ; 0.00 mW                       ;
; IO Digital         ; 21.85 mW                          ; 0.00 mW                     ; 0.34 mW                     ; 21.51 mW                      ;
; Clock Network      ; 131.99 mW                         ; 67.39 mW                    ; 0.00 mW                     ; 64.60 mW                      ;
+--------------------+-----------------------------------+-----------------------------+-----------------------------+-------------------------------+


+-------------------------------------------------------------------------------------------------------------+
; Current Drawn per Supply                                                                                    ;
+----------------+---------------------+-----------------------+-----------------------+----------------------+
; Voltage Supply ; Total Current Drawn ; Dynamic Current Drawn ; Standby Current Drawn ; Static Current Drawn ;
+----------------+---------------------+-----------------------+-----------------------+----------------------+
; VCCP           ; 83.92 mA            ; 0.49 mA               ; 0.52 mA               ; 82.90 mA             ;
; VCCPT          ; 57.82 mA            ; 1.60 mA               ; 0.26 mA               ; 55.96 mA             ;
; VCCA_PLL       ; 9.79 mA             ; 0.00 mA               ; 0.00 mA               ; 9.79 mA              ;
; VCC            ; 1033.04 mA          ; 555.92 mA             ; 0.00 mA               ; 477.11 mA            ;
; VCCPGM         ; 0.00 mA             ; 0.00 mA               ; 0.00 mA               ; 0.00 mA              ;
; VCCBAT         ; 0.00 mA             ; 0.00 mA               ; 0.00 mA               ; 0.00 mA              ;
; VCCERAM        ; 21.31 mA            ; 9.09 mA               ; 0.00 mA               ; 12.21 mA             ;
+----------------+---------------------+-----------------------+-----------------------+----------------------+


+----------------------------------------------------------------------------------------------------------------+
; I/O Current Drawn per Supply                                                                                   ;
+---------+---------+---------------------+-----------------------+-----------------------+----------------------+
; Supply  ; Voltage ; Total Current Drawn ; Dynamic Current Drawn ; Standby Current Drawn ; Static Current Drawn ;
+---------+---------+---------------------+-----------------------+-----------------------+----------------------+
; VCCIO2A ; 1.8V    ; 0.12 mA             ; 0.00 mA               ; 0.00 mA               ; 0.12 mA              ;
; VCCIO2J ; 1.8V    ; 0.12 mA             ; 0.00 mA               ; 0.00 mA               ; 0.12 mA              ;
; VCCIO2K ; 1.8V    ; 0.12 mA             ; 0.00 mA               ; 0.00 mA               ; 0.12 mA              ;
; VCCIO2L ; 1.8V    ; 0.12 mA             ; 0.00 mA               ; 0.00 mA               ; 0.12 mA              ;
; VCCIO3A ; 1.8V    ; 3.80 mA             ; 3.64 mA               ; 0.05 mA               ; 0.12 mA              ;
; VCCIO3B ; 1.8V    ; 0.53 mA             ; 0.14 mA               ; 0.04 mA               ; 0.35 mA              ;
+---------+---------+---------------------+-----------------------+-----------------------+----------------------+


+------------------------------------------------------------------------------------------------------+
; I/O Current Drawn by Voltage                                                                         ;
+---------+---------------------+-----------------------+-----------------------+----------------------+
; Voltage ; Total Current Drawn ; Dynamic Current Drawn ; Standby Current Drawn ; Static Current Drawn ;
+---------+---------------------+-----------------------+-----------------------+----------------------+
; 1.8V    ; 4.79 mA             ; 3.78 mA               ; 0.09 mA               ; 0.93 mA              ;
+---------+---------------------+-----------------------+-----------------------+----------------------+


+--------------------------------------------------------------------------------------------------------------------------------------------------------+
; Confidence Metric Details                                                                                                                              ;
+----------------------------------------------------------------------------------------+----------------+------------+----------------+----------------+
; Data Source                                                                            ; Total          ; Pin        ; Registered     ; Combinational  ;
+----------------------------------------------------------------------------------------+----------------+------------+----------------+----------------+
; Simulation (from file)                                                                 ;                ;            ;                ;                ;
;     -- Number of signals with Toggle Rate from Simulation                              ; 0 (0.0%)       ; 0 (0.0%)   ; 0 (0.0%)       ; 0 (0.0%)       ;
;     -- Number of signals with Static Probability from Simulation                       ; 0 (0.0%)       ; 0 (0.0%)   ; 0 (0.0%)       ; 0 (0.0%)       ;
;                                                                                        ;                ;            ;                ;                ;
; Node, entity or clock assignment                                                       ;                ;            ;                ;                ;
;     -- Number of signals with Toggle Rate from Node, entity or clock assignment        ; 3 (0.0%)       ; 1 (1.4%)   ; 0 (0.0%)       ; 2 (0.0%)       ;
;     -- Number of signals with Static Probability from Node, entity or clock assignment ; 3 (0.0%)       ; 1 (1.4%)   ; 0 (0.0%)       ; 2 (0.0%)       ;
;                                                                                        ;                ;            ;                ;                ;
; Vectorless estimation                                                                  ;                ;            ;                ;                ;
;     -- Number of signals with Toggle Rate from Vectorless estimation                   ; 111901 (99.9%) ; 11 (15.3%) ; 38609 (100.0%) ; 73281 (100.0%) ;
;     -- Number of signals with Zero toggle rate, from Vectorless estimation             ; 190 (0.2%)     ; 0 (0.0%)   ; 0 (0.0%)       ; 190 (0.3%)     ;
;     -- Number of signals with Static Probability from Vectorless estimation            ; 111901 (99.9%) ; 11 (15.3%) ; 38609 (100.0%) ; 73281 (100.0%) ;
;                                                                                        ;                ;            ;                ;                ;
; Default assignment                                                                     ;                ;            ;                ;                ;
;     -- Number of signals with Toggle Rate from Default assignment                      ; 29 (0.0%)      ; 29 (40.3%) ; 0 (0.0%)       ; 0 (0.0%)       ;
;     -- Number of signals with Static Probability from Default assignment               ; 60 (0.1%)      ; 60 (83.3%) ; 0 (0.0%)       ; 0 (0.0%)       ;
;                                                                                        ;                ;            ;                ;                ;
; Assumed 0                                                                              ;                ;            ;                ;                ;
;     -- Number of signals with Toggle Rate assumed 0                                    ; 31 (0.0%)      ; 31 (43.1%) ; 0 (0.0%)       ; 0 (0.0%)       ;
+----------------------------------------------------------------------------------------+----------------+------------+----------------+----------------+


+---------------------------------------------------------------------------------------------------------------------------------------------+
; Signal Activities                                                                                                                           ;
+--------+------+---------------------------------------------+-------------------------+--------------------+--------------------------------+
; Signal ; Type ; Toggle Rate (millions of transitions / sec) ; Toggle Rate Data Source ; Static Probability ; Static Probability Data Source ;
+--------+------+---------------------------------------------+-------------------------+--------------------+--------------------------------+
(1) The "Signal Activity" Table has been hidden. To show this table, please select the "Write signal activities to report file" option under "Power Analyzer Settings".


