Flow report for AlgoBlocsMeasurements
Thu Apr 14 15:52:32 2022
Quartus Prime Version 17.1.0 Build 240 10/25/2017 SJ Pro Edition


---------------------
; Table of Contents ;
---------------------
  1. Parallel Compilation
  2. Legal Notice
  3. Legal Notice
  4. Flow Summary
  5. Flow Settings
  6. Flow Non-Default Global Settings
  7. Flow Elapsed Time
  8. Flow OS Summary
  9. Flow Log



+------------------------------------------+
; Parallel Compilation                     ;
+----------------------------+-------------+
; Processors                 ; Number      ;
+----------------------------+-------------+
; Number detected on machine ; 16          ;
; Maximum allowed            ; 8           ;
;                            ;             ;
; Average used               ; 1.67        ;
; Maximum used               ; 8           ;
;                            ;             ;
; Usage by Processor         ; % Time Used ;
;     Processor 1            ; 100.0%      ;
;     Processors 2-8         ;   9.6%      ;
+----------------------------+-------------+


----------------
; Legal Notice ;
----------------
Copyright (C) 2017  Intel Corporation. All rights reserved.
Your use of Intel Corporation's design tools, logic functions 
and other software and tools, and its AMPP partner logic 
functions, and any output files from any of the foregoing 
(including device programming or simulation files), and any 
associated documentation or information are expressly subject 
to the terms and conditions of the Intel Program License 
Subscription Agreement, the Intel Quartus Prime License Agreement,
the Intel FPGA IP License Agreement, or other applicable license
agreement, including, without limitation, that your use is for
the sole purpose of programming logic devices manufactured by
Intel and sold by Intel or its authorized distributors.  Please
refer to the applicable agreement for further details.



----------------
; Legal Notice ;
----------------
Copyright (C) 2017  Intel Corporation. All rights reserved.
Your use of Intel Corporation's design tools, logic functions 
and other software and tools, and its AMPP partner logic 
functions, and any output files from any of the foregoing 
(including device programming or simulation files), and any 
associated documentation or information are expressly subject 
to the terms and conditions of the Intel Program License 
Subscription Agreement, the Intel Quartus Prime License Agreement,
the Intel FPGA IP License Agreement, or other applicable license
agreement, including, without limitation, that your use is for
the sole purpose of programming logic devices manufactured by
Intel and sold by Intel or its authorized distributors.  Please
refer to the applicable agreement for further details.



+--------------------------------------------------------------------------+
; Flow Summary                                                             ;
+-----------------------------+--------------------------------------------+
; Flow Status                 ; Successful - Thu Apr 14 15:52:32 2022      ;
; Quartus Prime Version       ; 17.1.0 Build 240 10/25/2017 SJ Pro Edition ;
; Revision Name               ; AlgoBlocsMeasurements                      ;
; Top-level Entity Name       ; conv3x3_224_3_32_main                      ;
; Family                      ; Cyclone 10 GX                              ;
; Device                      ; 10CX220YF780E5G                            ;
; Timing Models               ; Final                                      ;
; Logic utilization (in ALMs) ; 21,147 / 80,330 ( 26 % )                   ;
; Total registers             ; 34484                                      ;
; Total pins                  ; 71 / 340 ( 21 % )                          ;
; Total virtual pins          ; 0                                          ;
; Total block memory bits     ; 108,488 / 12,021,760 ( < 1 % )             ;
; Total DSP Blocks            ; 0 / 192 ( 0 % )                            ;
; Total HSSI RX channels      ; 0 / 12 ( 0 % )                             ;
; Total HSSI TX channels      ; 0 / 12 ( 0 % )                             ;
; Total PLLs                  ; 0 / 30 ( 0 % )                             ;
+-----------------------------+--------------------------------------------+


+-------------------------------------------+
; Flow Settings                             ;
+-------------------+-----------------------+
; Option            ; Setting               ;
+-------------------+-----------------------+
; Start date & time ; 04/14/2022 15:39:55   ;
; Main task         ; Compilation           ;
; Revision Name     ; AlgoBlocsMeasurements ;
+-------------------+-----------------------+


+-------------------------------------------------------------------------------------------------------------------------------+
; Flow Non-Default Global Settings                                                                                              ;
+------------------------------------+---------------------------------------+-----------------------+-------------+------------+
; Assignment Name                    ; Value                                 ; Default Value         ; Entity Name ; Section Id ;
+------------------------------------+---------------------------------------+-----------------------+-------------+------------+
; COMPILER_SIGNATURE_ID              ; 1096569674838.164994359509468         ; --                    ; --          ; --         ;
; FLOW_ENABLE_POWER_ANALYZER         ; On                                    ; Off                   ; --          ; --         ;
; MAX_CORE_JUNCTION_TEMP             ; 100                                   ; --                    ; --          ; --         ;
; MIN_CORE_JUNCTION_TEMP             ; 0                                     ; --                    ; --          ; --         ;
; NUM_PARALLEL_PROCESSORS            ; All                                   ; --                    ; --          ; --         ;
; POWER_BOARD_THERMAL_MODEL          ; None (CONSERVATIVE)                   ; --                    ; --          ; --         ;
; POWER_DEFAULT_INPUT_IO_TOGGLE_RATE ; 90 %                                  ; 12.5%                 ; --          ; --         ;
; POWER_PRESET_COOLING_SOLUTION      ; 23 MM HEAT SINK WITH 200 LFPM AIRFLOW ; --                    ; --          ; --         ;
; TOP_LEVEL_ENTITY                   ; conv3x3_224_3_32_main                 ; AlgoBlocsMeasurements ; --          ; --         ;
; VHDL_INPUT_VERSION                 ; VHDL_2008                             ; VHDL_1993             ; --          ; --         ;
+------------------------------------+---------------------------------------+-----------------------+-------------+------------+


+-------------------------------------------------------------------------------------------------------------------------------+
; Flow Elapsed Time                                                                                                             ;
+---------------------------+--------------+-------------------------+---------------------+------------------------------------+
; Module Name               ; Elapsed Time ; Average Processors Used ; Peak Virtual Memory ; Total CPU Time (on all processors) ;
+---------------------------+--------------+-------------------------+---------------------+------------------------------------+
; Synthesis                 ; 00:01:53     ; 1.8                     ; 6427 MB             ; 00:03:10                           ;
; Fitter                    ; 00:08:45     ; 1.6                     ; 10821 MB            ; 00:41:57                           ;
; TimeQuest Timing Analyzer ; 00:00:41     ; 1.7                     ; 8080 MB             ; 00:02:37                           ;
; Power Analyzer            ; 00:00:44     ; 1.3                     ; 8074 MB             ; 00:02:20                           ;
; Assembler                 ; 00:00:16     ; 1.0                     ; 6972 MB             ; 00:00:16                           ;
; Total                     ; 00:12:19     ; --                      ; --                  ; 00:50:20                           ;
+---------------------------+--------------+-------------------------+---------------------+------------------------------------+


+------------------------------------------------------------------------------------------+
; Flow OS Summary                                                                          ;
+---------------------------+-------------------+------------+------------+----------------+
; Module Name               ; Machine Hostname  ; OS Name    ; OS Version ; Processor type ;
+---------------------------+-------------------+------------+------------+----------------+
; Synthesis                 ; BlueTiger-AWm17R4 ; Windows 10 ; 10.0       ; x86_64         ;
; Fitter                    ; BlueTiger-AWm17R4 ; Windows 10 ; 10.0       ; x86_64         ;
; TimeQuest Timing Analyzer ; BlueTiger-AWm17R4 ; Windows 10 ; 10.0       ; x86_64         ;
; Power Analyzer            ; BlueTiger-AWm17R4 ; Windows 10 ; 10.0       ; x86_64         ;
; Assembler                 ; BlueTiger-AWm17R4 ; Windows 10 ; 10.0       ; x86_64         ;
+---------------------------+-------------------+------------+------------+----------------+


------------
; Flow Log ;
------------
quartus_syn --read_settings_files=off --write_settings_files=off AlgoBlocsMeasurements -c AlgoBlocsMeasurements
quartus_syn --read_settings_files=off --write_settings_files=off AlgoBlocsMeasurements -c AlgoBlocsMeasurements
quartus_fit --read_settings_files=off --write_settings_files=off AlgoBlocsMeasurements -c AlgoBlocsMeasurements
quartus_sta AlgoBlocsMeasurements -c AlgoBlocsMeasurements --mode=finalize
quartus_pow --read_settings_files=off --write_settings_files=off AlgoBlocsMeasurements -c AlgoBlocsMeasurements
quartus_asm --read_settings_files=off --write_settings_files=off AlgoBlocsMeasurements -c AlgoBlocsMeasurements



