Fitter Route Stage Report for AlgoBlocsMeasurements
Thu Apr 14 15:49:01 2022
Quartus Prime Version 17.1.0 Build 240 10/25/2017 SJ Pro Edition


---------------------
; Table of Contents ;
---------------------
  1. Legal Notice
  2. Delay Chain Summary
  3. Routing Usage Summary
  4. Route Messages
  5. Estimated Delay Added for Hold Timing Summary
  6. Estimated Delay Added for Hold Timing Details



----------------
; Legal Notice ;
----------------
Copyright (C) 2017  Intel Corporation. All rights reserved.
Your use of Intel Corporation's design tools, logic functions 
and other software and tools, and its AMPP partner logic 
functions, and any output files from any of the foregoing 
(including device programming or simulation files), and any 
associated documentation or information are expressly subject 
to the terms and conditions of the Intel Program License 
Subscription Agreement, the Intel Quartus Prime License Agreement,
the Intel FPGA IP License Agreement, or other applicable license
agreement, including, without limitation, that your use is for
the sole purpose of programming logic devices manufactured by
Intel and sold by Intel or its authorized distributors.  Please
refer to the applicable agreement for further details.



+---------------------------------------------------------------------------------------------------------------------------------------------------------------+
; Delay Chain Summary                                                                                                                                           ;
+--------------+----------+---------------------+--------------------+----------------+-----------------------------------+-------------------------------------+
; Name         ; Pin Type ; Input Delay Chain 0 ; Output Delay Chain ; OE Delay Chain ; IO_12_LANE Input Data Delay Chain ; IO_12_LANE Input Strobe Delay Chain ;
+--------------+----------+---------------------+--------------------+----------------+-----------------------------------+-------------------------------------+
; out_data[0]  ; Output   ; --                  ; 0                  ; 0              ; --                                ; --                                  ;
; out_data[1]  ; Output   ; --                  ; 0                  ; 0              ; --                                ; --                                  ;
; out_data[2]  ; Output   ; --                  ; 0                  ; 0              ; --                                ; --                                  ;
; out_data[3]  ; Output   ; --                  ; 0                  ; 0              ; --                                ; --                                  ;
; out_data[4]  ; Output   ; --                  ; 0                  ; 0              ; --                                ; --                                  ;
; out_data[5]  ; Output   ; --                  ; 0                  ; 0              ; --                                ; --                                  ;
; out_data[6]  ; Output   ; --                  ; 0                  ; 0              ; --                                ; --                                  ;
; out_data[7]  ; Output   ; --                  ; 0                  ; 0              ; --                                ; --                                  ;
; out_dv       ; Output   ; --                  ; 0                  ; 0              ; --                                ; --                                  ;
; out_fv       ; Output   ; --                  ; 0                  ; 0              ; --                                ; --                                  ;
; select_i[5]  ; Input    ; --                  ; --                 ; --             ; --                                ; --                                  ;
; select_i[6]  ; Input    ; --                  ; --                 ; --             ; --                                ; --                                  ;
; select_i[7]  ; Input    ; --                  ; --                 ; --             ; --                                ; --                                  ;
; select_i[8]  ; Input    ; --                  ; --                 ; --             ; --                                ; --                                  ;
; select_i[9]  ; Input    ; --                  ; --                 ; --             ; --                                ; --                                  ;
; select_i[10] ; Input    ; --                  ; --                 ; --             ; --                                ; --                                  ;
; select_i[11] ; Input    ; --                  ; --                 ; --             ; --                                ; --                                  ;
; select_i[12] ; Input    ; --                  ; --                 ; --             ; --                                ; --                                  ;
; select_i[13] ; Input    ; --                  ; --                 ; --             ; --                                ; --                                  ;
; select_i[14] ; Input    ; --                  ; --                 ; --             ; --                                ; --                                  ;
; select_i[15] ; Input    ; --                  ; --                 ; --             ; --                                ; --                                  ;
; select_i[16] ; Input    ; --                  ; --                 ; --             ; --                                ; --                                  ;
; select_i[17] ; Input    ; --                  ; --                 ; --             ; --                                ; --                                  ;
; select_i[18] ; Input    ; --                  ; --                 ; --             ; --                                ; --                                  ;
; select_i[19] ; Input    ; --                  ; --                 ; --             ; --                                ; --                                  ;
; select_i[20] ; Input    ; --                  ; --                 ; --             ; --                                ; --                                  ;
; select_i[21] ; Input    ; --                  ; --                 ; --             ; --                                ; --                                  ;
; select_i[22] ; Input    ; --                  ; --                 ; --             ; --                                ; --                                  ;
; select_i[23] ; Input    ; --                  ; --                 ; --             ; --                                ; --                                  ;
; select_i[24] ; Input    ; --                  ; --                 ; --             ; --                                ; --                                  ;
; select_i[25] ; Input    ; --                  ; --                 ; --             ; --                                ; --                                  ;
; select_i[26] ; Input    ; --                  ; --                 ; --             ; --                                ; --                                  ;
; select_i[27] ; Input    ; --                  ; --                 ; --             ; --                                ; --                                  ;
; select_i[28] ; Input    ; --                  ; --                 ; --             ; --                                ; --                                  ;
; select_i[29] ; Input    ; --                  ; --                 ; --             ; --                                ; --                                  ;
; select_i[30] ; Input    ; --                  ; --                 ; --             ; --                                ; --                                  ;
; select_i[31] ; Input    ; --                  ; --                 ; --             ; --                                ; --                                  ;
; in_data[0]   ; Input    ; --                  ; --                 ; --             ; --                                ; --                                  ;
; in_data[8]   ; Input    ; --                  ; --                 ; --             ; --                                ; --                                  ;
; in_data[16]  ; Input    ; --                  ; --                 ; --             ; --                                ; --                                  ;
; select_i[0]  ; Input    ; 0                   ; --                 ; --             ; --                                ; --                                  ;
; select_i[1]  ; Input    ; 0                   ; --                 ; --             ; --                                ; --                                  ;
; select_i[2]  ; Input    ; 0                   ; --                 ; --             ; --                                ; --                                  ;
; select_i[3]  ; Input    ; 0                   ; --                 ; --             ; --                                ; --                                  ;
; select_i[4]  ; Input    ; 0                   ; --                 ; --             ; --                                ; --                                  ;
; clk          ; Input    ; 0                   ; --                 ; --             ; --                                ; --                                  ;
; reset_n      ; Input    ; 0                   ; --                 ; --             ; --                                ; --                                  ;
; enable       ; Input    ; 0                   ; --                 ; --             ; --                                ; --                                  ;
; in_fv        ; Input    ; 0                   ; --                 ; --             ; --                                ; --                                  ;
; in_dv        ; Input    ; 0                   ; --                 ; --             ; --                                ; --                                  ;
; in_data[17]  ; Input    ; 0                   ; --                 ; --             ; --                                ; --                                  ;
; in_data[18]  ; Input    ; 0                   ; --                 ; --             ; --                                ; --                                  ;
; in_data[23]  ; Input    ; 0                   ; --                 ; --             ; --                                ; --                                  ;
; in_data[22]  ; Input    ; 0                   ; --                 ; --             ; --                                ; --                                  ;
; in_data[19]  ; Input    ; 0                   ; --                 ; --             ; --                                ; --                                  ;
; in_data[21]  ; Input    ; 0                   ; --                 ; --             ; --                                ; --                                  ;
; in_data[20]  ; Input    ; 0                   ; --                 ; --             ; --                                ; --                                  ;
; in_data[9]   ; Input    ; 0                   ; --                 ; --             ; --                                ; --                                  ;
; in_data[10]  ; Input    ; 0                   ; --                 ; --             ; --                                ; --                                  ;
; in_data[11]  ; Input    ; 0                   ; --                 ; --             ; --                                ; --                                  ;
; in_data[12]  ; Input    ; 0                   ; --                 ; --             ; --                                ; --                                  ;
; in_data[15]  ; Input    ; 0                   ; --                 ; --             ; --                                ; --                                  ;
; in_data[13]  ; Input    ; 0                   ; --                 ; --             ; --                                ; --                                  ;
; in_data[14]  ; Input    ; 0                   ; --                 ; --             ; --                                ; --                                  ;
; in_data[1]   ; Input    ; 0                   ; --                 ; --             ; --                                ; --                                  ;
; in_data[2]   ; Input    ; 0                   ; --                 ; --             ; --                                ; --                                  ;
; in_data[3]   ; Input    ; 0                   ; --                 ; --             ; --                                ; --                                  ;
; in_data[4]   ; Input    ; 0                   ; --                 ; --             ; --                                ; --                                  ;
; in_data[7]   ; Input    ; 0                   ; --                 ; --             ; --                                ; --                                  ;
; in_data[5]   ; Input    ; 0                   ; --                 ; --             ; --                                ; --                                  ;
; in_data[6]   ; Input    ; 0                   ; --                 ; --             ; --                                ; --                                  ;
+--------------+----------+---------------------+--------------------+----------------+-----------------------------------+-------------------------------------+


+----------------------------------------------------------+
; Routing Usage Summary                                    ;
+------------------------------+---------------------------+
; Routing Resource Type        ; Usage                     ;
+------------------------------+---------------------------+
; Block interconnects          ; 70,093 / 664,374 ( 11 % ) ;
; C27 interconnects            ; 1,622 / 12,769 ( 13 % )   ;
; C4 interconnects             ; 42,607 / 514,392 ( 8 % )  ;
; Direct links                 ; 20,869 / 664,374 ( 3 % )  ;
; Global clocks                ; 2 / 32 ( 6 % )            ;
; Periphery clocks             ; 0 / 410 ( 0 % )           ;
; R3 interconnects             ; 19,515 / 246,936 ( 8 % )  ;
; R32 interconnects            ; 3,803 / 28,257 ( 13 % )   ;
; R32/C27 interconnect drivers ; 2,781 / 74,920 ( 4 % )    ;
; R6 interconnects             ; 43,381 / 527,108 ( 8 % )  ;
; Regional clock lefts         ; 0 / 8 ( 0 % )             ;
; Regional clock out bottoms   ; 0 / 8 ( 0 % )             ;
; Regional clock out tops      ; 0 / 8 ( 0 % )             ;
; Regional clock rights        ; 0 / 8 ( 0 % )             ;
; Regional clocks              ; 0 / 8 ( 0 % )             ;
; Spine buffers                ; 10 / 220 ( 5 % )          ;
; Spine clocks                 ; 20 / 330 ( 6 % )          ;
; Spine feedthroughs           ; 0 / 224 ( 0 % )           ;
+------------------------------+---------------------------+


+----------------+
; Route Messages ;
+----------------+
Info: *******************************************************************
Info: Running Quartus Prime Fitter
    Info: Version 17.1.0 Build 240 10/25/2017 SJ Pro Edition
    Info: Processing started: Thu Apr 14 15:41:51 2022
Info: Command: quartus_fit --read_settings_files=off --write_settings_files=off AlgoBlocsMeasurements -c AlgoBlocsMeasurements
Info: qfit2_default_script.tcl version: #1
Info: Project  = AlgoBlocsMeasurements
Info: Revision = AlgoBlocsMeasurements
Info (170193): Fitter routing operations beginning
Info (170089): 4e+03 ns of routing delay (approximately 1.5% of available device routing delay) has been added to meet hold timing. For more information, refer to the Estimated Delay Added for Hold Timing section in the Fitter report.
Info (170195): Router estimated average interconnect usage is 11% of the available device resources
    Info (170196): Router estimated peak interconnect usage is 22% of the available device resources in the region that extends from location X57_Y46 to location X67_Y57
Info (170199): The Fitter performed an Auto Fit compilation.  Optimizations were skipped to reduce compilation time.
    Info (170201): Optimizations that may affect the design's routability were skipped
Info (11888): Total time spent on timing analysis during Routing is 22.77 seconds.


+------------------------------------------------------------+
; Estimated Delay Added for Hold Timing Summary              ;
+-----------------+----------------------+-------------------+
; Source Clock(s) ; Destination Clock(s) ; Delay Added in ns ;
+-----------------+----------------------+-------------------+
; clk             ; clk                  ; 4541.4            ;
; I/O             ; clk                  ; 166.8             ;
+-----------------+----------------------+-------------------+
Note: For more information on problematic transfers, consider running the Fitter again with the Optimize hold timing option (Settings Menu) turned off.
This will disable optimization of problematic paths and expose them for further analysis using the TimeQuest Timing Analyzer.


+------------------------------------------------------------------------------------------------------------------------------------------------------------------------------------------------------------------------------------------------------------------------------------------------------------------------------+
; Estimated Delay Added for Hold Timing Details                                                                                                                                                                                                                                                                                ;
+------------------------------------------------------------------------------------------------------------------------------------------+---------------------------------------------------------------------------------------------------------------------------------------------------------------+-------------------+
; Source Register                                                                                                                          ; Destination Register                                                                                                                                          ; Delay Added in ns ;
+------------------------------------------------------------------------------------------------------------------------------------------+---------------------------------------------------------------------------------------------------------------------------------------------------------------+-------------------+
; in_fv                                                                                                                                    ; Conv_0|TensorExtractor_i|\neighExtractor_gen:0:neighExtractor_i|\manage_pad:manage_edge:x_cmp[0]                                                              ; 4.515             ;
; in_data[18]                                                                                                                              ; Conv_0|TensorExtractor_i|\neighExtractor_gen:2:neighExtractor_i|bufferized_data[0][1]                                                                         ; 4.440             ;
; in_data[17]                                                                                                                              ; Conv_0|TensorExtractor_i|\neighExtractor_gen:2:neighExtractor_i|bufferized_data[0][0]                                                                         ; 4.401             ;
; in_data[20]                                                                                                                              ; Conv_0|TensorExtractor_i|\neighExtractor_gen:2:neighExtractor_i|bufferized_data[0][3]                                                                         ; 4.376             ;
; in_dv                                                                                                                                    ; Conv_0|TensorExtractor_i|\neighExtractor_gen:0:neighExtractor_i|\manage_pad:wo_pad|delayed_data[0][1]                                                         ; 4.275             ;
; in_data[23]                                                                                                                              ; Conv_0|TensorExtractor_i|\neighExtractor_gen:2:neighExtractor_i|bufferized_data[0][6]                                                                         ; 4.252             ;
; in_data[14]                                                                                                                              ; Conv_0|TensorExtractor_i|\neighExtractor_gen:1:neighExtractor_i|bufferized_data[0][5]                                                                         ; 4.176             ;
; in_data[9]                                                                                                                               ; Conv_0|TensorExtractor_i|\neighExtractor_gen:1:neighExtractor_i|bufferized_data[0][0]                                                                         ; 4.148             ;
; in_data[3]                                                                                                                               ; Conv_0|TensorExtractor_i|\neighExtractor_gen:0:neighExtractor_i|bufferized_data[0][2]                                                                         ; 4.045             ;
; in_data[15]                                                                                                                              ; Conv_0|TensorExtractor_i|\neighExtractor_gen:1:neighExtractor_i|bufferized_data[0][6]                                                                         ; 4.043             ;
; in_data[12]                                                                                                                              ; Conv_0|TensorExtractor_i|\neighExtractor_gen:1:neighExtractor_i|bufferized_data[0][3]                                                                         ; 4.038             ;
; in_data[13]                                                                                                                              ; Conv_0|TensorExtractor_i|\neighExtractor_gen:1:neighExtractor_i|bufferized_data[0][4]                                                                         ; 3.979             ;
; in_data[19]                                                                                                                              ; Conv_0|TensorExtractor_i|\neighExtractor_gen:2:neighExtractor_i|bufferized_data[0][2]                                                                         ; 3.895             ;
; in_data[22]                                                                                                                              ; Conv_0|TensorExtractor_i|\neighExtractor_gen:2:neighExtractor_i|bufferized_data[0][5]                                                                         ; 3.791             ;
; in_data[21]                                                                                                                              ; Conv_0|TensorExtractor_i|\neighExtractor_gen:2:neighExtractor_i|bufferized_data[0][4]                                                                         ; 3.790             ;
; in_data[10]                                                                                                                              ; Conv_0|TensorExtractor_i|\neighExtractor_gen:1:neighExtractor_i|bufferized_data[0][1]                                                                         ; 3.740             ;
; in_data[2]                                                                                                                               ; Conv_0|TensorExtractor_i|\neighExtractor_gen:0:neighExtractor_i|bufferized_data[0][1]                                                                         ; 3.724             ;
; in_data[11]                                                                                                                              ; Conv_0|TensorExtractor_i|\neighExtractor_gen:1:neighExtractor_i|bufferized_data[0][2]                                                                         ; 3.720             ;
; in_data[7]                                                                                                                               ; Conv_0|TensorExtractor_i|\neighExtractor_gen:0:neighExtractor_i|bufferized_data[0][6]                                                                         ; 3.717             ;
; in_data[4]                                                                                                                               ; Conv_0|TensorExtractor_i|\neighExtractor_gen:0:neighExtractor_i|bufferized_data[0][3]                                                                         ; 3.646             ;
; in_data[5]                                                                                                                               ; Conv_0|TensorExtractor_i|\neighExtractor_gen:0:neighExtractor_i|bufferized_data[0][4]                                                                         ; 3.518             ;
; in_data[6]                                                                                                                               ; Conv_0|TensorExtractor_i|\neighExtractor_gen:0:neighExtractor_i|bufferized_data[0][5]                                                                         ; 3.374             ;
; in_data[1]                                                                                                                               ; Conv_0|TensorExtractor_i|\neighExtractor_gen:0:neighExtractor_i|bufferized_data[0][0]                                                                         ; 3.313             ;
; enable                                                                                                                                   ; Conv_0|TensorExtractor_i|\neighExtractor_gen:0:neighExtractor_i|bufferized_data[450][3]                                                                       ; 2.284             ;
; reset_n                                                                                                                                  ; Conv_0|TensorExtractor_i|\neighExtractor_gen:0:neighExtractor_i|y_stride[13]                                                                                  ; 1.928             ;
; Conv_0|TensorExtractor_i|\neighExtractor_gen:0:neighExtractor_i|\manage_pad:manage_edge:x_cmp[15]                                        ; Conv_0|TensorExtractor_i|\neighExtractor_gen:0:neighExtractor_i|\manage_pad:manage_edge:x_stride[1]                                                           ; 1.642             ;
; Conv_0|TensorExtractor_i|\neighExtractor_gen:0:neighExtractor_i|\manage_pad:manage_edge:x_cmp[9]                                         ; Conv_0|TensorExtractor_i|\neighExtractor_gen:0:neighExtractor_i|\manage_pad:manage_edge:x_stride[1]                                                           ; 1.595             ;
; Conv_0|TensorExtractor_i|\neighExtractor_gen:0:neighExtractor_i|\manage_pad:manage_edge:x_cmp[10]                                        ; Conv_0|TensorExtractor_i|\neighExtractor_gen:0:neighExtractor_i|\manage_pad:manage_edge:x_stride[1]                                                           ; 1.595             ;
; Conv_0|TensorExtractor_i|\neighExtractor_gen:0:neighExtractor_i|\manage_pad:manage_edge:x_cmp[11]                                        ; Conv_0|TensorExtractor_i|\neighExtractor_gen:0:neighExtractor_i|\manage_pad:manage_edge:x_stride[1]                                                           ; 1.595             ;
; Conv_0|TensorExtractor_i|\neighExtractor_gen:0:neighExtractor_i|\manage_pad:manage_edge:x_cmp[12]                                        ; Conv_0|TensorExtractor_i|\neighExtractor_gen:0:neighExtractor_i|\manage_pad:manage_edge:x_stride[1]                                                           ; 1.595             ;
; Conv_0|TensorExtractor_i|\neighExtractor_gen:0:neighExtractor_i|\manage_pad:manage_edge:x_cmp[13]                                        ; Conv_0|TensorExtractor_i|\neighExtractor_gen:0:neighExtractor_i|\manage_pad:manage_edge:x_stride[1]                                                           ; 1.595             ;
; Conv_0|TensorExtractor_i|\neighExtractor_gen:0:neighExtractor_i|\manage_pad:manage_edge:x_cmp[14]                                        ; Conv_0|TensorExtractor_i|\neighExtractor_gen:0:neighExtractor_i|\manage_pad:manage_edge:x_stride[1]                                                           ; 1.595             ;
; Conv_0|TensorExtractor_i|\neighExtractor_gen:0:neighExtractor_i|\manage_pad:manage_edge:x_cmp[1]                                         ; Conv_0|TensorExtractor_i|\neighExtractor_gen:0:neighExtractor_i|\manage_pad:manage_edge:x_stride[1]                                                           ; 1.595             ;
; Conv_0|TensorExtractor_i|\neighExtractor_gen:0:neighExtractor_i|\manage_pad:manage_edge:x_cmp[2]                                         ; Conv_0|TensorExtractor_i|\neighExtractor_gen:0:neighExtractor_i|\manage_pad:manage_edge:x_stride[1]                                                           ; 1.595             ;
; Conv_0|TensorExtractor_i|\neighExtractor_gen:0:neighExtractor_i|\manage_pad:manage_edge:x_cmp[3]                                         ; Conv_0|TensorExtractor_i|\neighExtractor_gen:0:neighExtractor_i|\manage_pad:manage_edge:x_stride[1]                                                           ; 1.595             ;
; Conv_0|TensorExtractor_i|\neighExtractor_gen:0:neighExtractor_i|\manage_pad:manage_edge:x_cmp[4]                                         ; Conv_0|TensorExtractor_i|\neighExtractor_gen:0:neighExtractor_i|\manage_pad:manage_edge:x_stride[1]                                                           ; 1.595             ;
; Conv_0|TensorExtractor_i|\neighExtractor_gen:0:neighExtractor_i|\manage_pad:manage_edge:x_cmp[6]                                         ; Conv_0|TensorExtractor_i|\neighExtractor_gen:0:neighExtractor_i|\manage_pad:manage_edge:x_stride[1]                                                           ; 1.595             ;
; Conv_0|TensorExtractor_i|\neighExtractor_gen:0:neighExtractor_i|\manage_pad:manage_edge:x_cmp[7]                                         ; Conv_0|TensorExtractor_i|\neighExtractor_gen:0:neighExtractor_i|\manage_pad:manage_edge:x_stride[1]                                                           ; 1.595             ;
; Conv_0|TensorExtractor_i|\neighExtractor_gen:0:neighExtractor_i|\manage_pad:manage_edge:x_cmp[8]                                         ; Conv_0|TensorExtractor_i|\neighExtractor_gen:0:neighExtractor_i|\manage_pad:manage_edge:x_stride[1]                                                           ; 1.595             ;
; Conv_0|TensorExtractor_i|\neighExtractor_gen:0:neighExtractor_i|\manage_pad:manage_edge:x_cmp[5]                                         ; Conv_0|TensorExtractor_i|\neighExtractor_gen:0:neighExtractor_i|\manage_pad:manage_edge:x_stride[1]                                                           ; 1.595             ;
; Conv_0|TensorExtractor_i|\neighExtractor_gen:0:neighExtractor_i|\manage_pad:manage_edge:x_cmp[0]                                         ; Conv_0|TensorExtractor_i|\neighExtractor_gen:0:neighExtractor_i|\manage_pad:manage_edge:x_stride[1]                                                           ; 1.595             ;
; Conv_0|\DotProduct_loop:7:pip_dsp_gen:pip_dsp_i|\delay_in_datas:23:taps_inst|delayed_data[0][6]                                          ; Conv_0|\DotProduct_loop:7:pip_dsp_gen:pip_dsp_i|\delay_in_datas:23:taps_inst|delayed_data_rtl_0|auto_generated|altera_syncram4|altsyncram7|ram_block8a0~reg0  ; 0.485             ;
; Conv_0|\DotProduct_loop:13:pip_dsp_gen:pip_dsp_i|\delay_in_datas:24:taps_inst|delayed_data_rtl_0|auto_generated|dffe3a[2]                ; Conv_0|\DotProduct_loop:13:pip_dsp_gen:pip_dsp_i|\delay_in_datas:24:taps_inst|delayed_data_rtl_0|auto_generated|altera_syncram4|altsyncram7|ram_block8a6~reg0 ; 0.480             ;
; Conv_0|\DotProduct_loop:23:pip_dsp_gen:pip_dsp_i|\delay_in_datas:23:taps_inst|delayed_data_rtl_0|auto_generated|dffe3a[4]                ; Conv_0|\DotProduct_loop:23:pip_dsp_gen:pip_dsp_i|\delay_in_datas:23:taps_inst|delayed_data_rtl_0|auto_generated|altera_syncram4|altsyncram7|ram_block8a6~reg0 ; 0.478             ;
; Conv_0|\DotProduct_loop:17:pip_dsp_gen:pip_dsp_i|\delay_in_datas:23:taps_inst|delayed_data_rtl_0|auto_generated|dffe3a[0]                ; Conv_0|\DotProduct_loop:17:pip_dsp_gen:pip_dsp_i|\delay_in_datas:23:taps_inst|delayed_data_rtl_0|auto_generated|altera_syncram4|altsyncram7|ram_block8a6~reg0 ; 0.477             ;
; Conv_0|\DotProduct_loop:0:pip_dsp_gen:pip_dsp_i|\delay_in_datas:24:taps_inst|delayed_data_rtl_0|auto_generated|dffe3a[4]                 ; Conv_0|\DotProduct_loop:0:pip_dsp_gen:pip_dsp_i|\delay_in_datas:24:taps_inst|delayed_data_rtl_0|auto_generated|altera_syncram4|altsyncram7|ram_block8a6~reg0  ; 0.477             ;
; Conv_0|\DotProduct_loop:23:pip_dsp_gen:pip_dsp_i|\delay_in_datas:24:taps_inst|delayed_data_rtl_0|auto_generated|dffe3a[2]                ; Conv_0|\DotProduct_loop:23:pip_dsp_gen:pip_dsp_i|\delay_in_datas:24:taps_inst|delayed_data_rtl_0|auto_generated|altera_syncram4|altsyncram7|ram_block8a6~reg0 ; 0.475             ;
; Conv_0|\DotProduct_loop:19:pip_dsp_gen:pip_dsp_i|\delay_in_datas:23:taps_inst|delayed_data_rtl_0|auto_generated|dffe3a[4]                ; Conv_0|\DotProduct_loop:19:pip_dsp_gen:pip_dsp_i|\delay_in_datas:23:taps_inst|delayed_data_rtl_0|auto_generated|altera_syncram4|altsyncram7|ram_block8a6~reg0 ; 0.475             ;
; Conv_0|\DotProduct_loop:6:pip_dsp_gen:pip_dsp_i|\delay_in_datas:24:taps_inst|delayed_data_rtl_0|auto_generated|dffe3a[4]                 ; Conv_0|\DotProduct_loop:6:pip_dsp_gen:pip_dsp_i|\delay_in_datas:24:taps_inst|delayed_data_rtl_0|auto_generated|altera_syncram4|altsyncram7|ram_block8a6~reg0  ; 0.473             ;
; Conv_0|\DotProduct_loop:0:pip_dsp_gen:pip_dsp_i|\delay_in_datas:23:taps_inst|delayed_data_rtl_0|auto_generated|dffe3a[2]                 ; Conv_0|\DotProduct_loop:0:pip_dsp_gen:pip_dsp_i|\delay_in_datas:23:taps_inst|delayed_data_rtl_0|auto_generated|altera_syncram4|altsyncram7|ram_block8a6~reg0  ; 0.472             ;
; Conv_0|\DotProduct_loop:31:pip_dsp_gen:pip_dsp_i|\delay_in_datas:24:taps_inst|delayed_data_rtl_0|auto_generated|dffe3a[2]                ; Conv_0|\DotProduct_loop:31:pip_dsp_gen:pip_dsp_i|\delay_in_datas:24:taps_inst|delayed_data_rtl_0|auto_generated|altera_syncram4|altsyncram7|ram_block8a5~reg0 ; 0.472             ;
; Conv_0|\DotProduct_loop:10:pip_dsp_gen:pip_dsp_i|\delay_in_datas:22:taps_inst|delayed_data_rtl_0|auto_generated|dffe3a[4]                ; Conv_0|\DotProduct_loop:10:pip_dsp_gen:pip_dsp_i|\delay_in_datas:22:taps_inst|delayed_data_rtl_0|auto_generated|altera_syncram4|altsyncram7|ram_block8a6~reg0 ; 0.471             ;
; Conv_0|\DotProduct_loop:18:pip_dsp_gen:pip_dsp_i|\delay_in_datas:25:taps_inst|delayed_data_rtl_0|auto_generated|dffe3a[0]                ; Conv_0|\DotProduct_loop:18:pip_dsp_gen:pip_dsp_i|\delay_in_datas:25:taps_inst|delayed_data_rtl_0|auto_generated|altera_syncram4|altsyncram7|ram_block8a6~reg0 ; 0.471             ;
; Conv_0|\DotProduct_loop:1:pip_dsp_gen:pip_dsp_i|\delay_in_datas:23:taps_inst|delayed_data_rtl_0|auto_generated|dffe3a[2]                 ; Conv_0|\DotProduct_loop:1:pip_dsp_gen:pip_dsp_i|\delay_in_datas:23:taps_inst|delayed_data_rtl_0|auto_generated|altera_syncram4|altsyncram7|ram_block8a6~reg0  ; 0.470             ;
; Conv_0|\DotProduct_loop:17:pip_dsp_gen:pip_dsp_i|\delay_in_datas:25:taps_inst|delayed_data_rtl_0|auto_generated|dffe3a[0]                ; Conv_0|\DotProduct_loop:17:pip_dsp_gen:pip_dsp_i|\delay_in_datas:25:taps_inst|delayed_data_rtl_0|auto_generated|altera_syncram4|altsyncram7|ram_block8a6~reg0 ; 0.469             ;
; Conv_0|\DotProduct_loop:3:pip_dsp_gen:pip_dsp_i|\delay_in_datas:23:taps_inst|delayed_data_rtl_0|auto_generated|dffe3a[2]                 ; Conv_0|\DotProduct_loop:3:pip_dsp_gen:pip_dsp_i|\delay_in_datas:23:taps_inst|delayed_data_rtl_0|auto_generated|altera_syncram4|altsyncram7|ram_block8a6~reg0  ; 0.468             ;
; Conv_0|\DotProduct_loop:5:pip_dsp_gen:pip_dsp_i|\delay_in_datas:25:taps_inst|delayed_data_rtl_0|auto_generated|dffe3a[0]                 ; Conv_0|\DotProduct_loop:5:pip_dsp_gen:pip_dsp_i|\delay_in_datas:25:taps_inst|delayed_data_rtl_0|auto_generated|altera_syncram4|altsyncram7|ram_block8a5~reg0  ; 0.468             ;
; Conv_0|\DotProduct_loop:31:pip_dsp_gen:pip_dsp_i|\delay_in_datas:17:taps_inst|delayed_data_rtl_0|auto_generated|dffe3a[0]                ; Conv_0|\DotProduct_loop:31:pip_dsp_gen:pip_dsp_i|\delay_in_datas:17:taps_inst|delayed_data_rtl_0|auto_generated|altera_syncram4|altsyncram7|ram_block8a6~reg0 ; 0.467             ;
; Conv_0|\DotProduct_loop:7:pip_dsp_gen:pip_dsp_i|\delay_in_datas:22:taps_inst|delayed_data_rtl_0|auto_generated|dffe3a[2]                 ; Conv_0|\DotProduct_loop:7:pip_dsp_gen:pip_dsp_i|\delay_in_datas:22:taps_inst|delayed_data_rtl_0|auto_generated|altera_syncram4|altsyncram7|ram_block8a6~reg0  ; 0.467             ;
; Conv_0|\DotProduct_loop:4:pip_dsp_gen:pip_dsp_i|\delay_in_datas:23:taps_inst|delayed_data_rtl_0|auto_generated|dffe3a[4]                 ; Conv_0|\DotProduct_loop:4:pip_dsp_gen:pip_dsp_i|\delay_in_datas:23:taps_inst|delayed_data_rtl_0|auto_generated|altera_syncram4|altsyncram7|ram_block8a6~reg0  ; 0.467             ;
; Conv_0|\DotProduct_loop:7:pip_dsp_gen:pip_dsp_i|\delay_in_datas:23:taps_inst|delayed_data_rtl_0|auto_generated|dffe3a[4]                 ; Conv_0|\DotProduct_loop:7:pip_dsp_gen:pip_dsp_i|\delay_in_datas:23:taps_inst|delayed_data_rtl_0|auto_generated|altera_syncram4|altsyncram7|ram_block8a6~reg0  ; 0.467             ;
; Conv_0|\DotProduct_loop:3:pip_dsp_gen:pip_dsp_i|\delay_in_datas:24:taps_inst|delayed_data_rtl_0|auto_generated|dffe3a[4]                 ; Conv_0|\DotProduct_loop:3:pip_dsp_gen:pip_dsp_i|\delay_in_datas:24:taps_inst|delayed_data_rtl_0|auto_generated|altera_syncram4|altsyncram7|ram_block8a5~reg0  ; 0.467             ;
; Conv_0|\DotProduct_loop:19:pip_dsp_gen:pip_dsp_i|\delay_in_datas:24:taps_inst|delayed_data_rtl_0|auto_generated|dffe3a[2]                ; Conv_0|\DotProduct_loop:19:pip_dsp_gen:pip_dsp_i|\delay_in_datas:24:taps_inst|delayed_data_rtl_0|auto_generated|altera_syncram4|altsyncram7|ram_block8a6~reg0 ; 0.467             ;
; Conv_0|\DotProduct_loop:8:pip_dsp_gen:pip_dsp_i|\delay_in_datas:23:taps_inst|delayed_data_rtl_0|auto_generated|dffe3a[2]                 ; Conv_0|\DotProduct_loop:8:pip_dsp_gen:pip_dsp_i|\delay_in_datas:23:taps_inst|delayed_data_rtl_0|auto_generated|altera_syncram4|altsyncram7|ram_block8a6~reg0  ; 0.466             ;
; Conv_0|\DotProduct_loop:1:pip_dsp_gen:pip_dsp_i|\delay_in_datas:24:taps_inst|delayed_data_rtl_0|auto_generated|dffe3a[2]                 ; Conv_0|\DotProduct_loop:1:pip_dsp_gen:pip_dsp_i|\delay_in_datas:24:taps_inst|delayed_data_rtl_0|auto_generated|altera_syncram4|altsyncram7|ram_block8a6~reg0  ; 0.466             ;
; Conv_0|\DotProduct_loop:24:pip_dsp_gen:pip_dsp_i|\delay_in_datas:11:taps_inst|delayed_data[0][1]                                         ; Conv_0|\DotProduct_loop:24:pip_dsp_gen:pip_dsp_i|\delay_in_datas:11:taps_inst|delayed_data_rtl_0|auto_generated|altera_syncram4|altsyncram7|ram_block8a5~reg0 ; 0.464             ;
; Conv_0|\DotProduct_loop:16:pip_dsp_gen:pip_dsp_i|\delay_in_datas:26:taps_inst|delayed_data_rtl_0|auto_generated|dffe3a[2]                ; Conv_0|\DotProduct_loop:16:pip_dsp_gen:pip_dsp_i|\delay_in_datas:26:taps_inst|delayed_data_rtl_0|auto_generated|altera_syncram4|altsyncram7|ram_block8a6~reg0 ; 0.464             ;
; Conv_0|\DotProduct_loop:31:pip_dsp_gen:pip_dsp_i|\delay_in_datas:10:taps_inst|delayed_data_rtl_0|auto_generated|dffe3a[2]                ; Conv_0|\DotProduct_loop:31:pip_dsp_gen:pip_dsp_i|\delay_in_datas:10:taps_inst|delayed_data_rtl_0|auto_generated|altera_syncram4|altsyncram7|ram_block8a6~reg0 ; 0.462             ;
; Conv_0|\DotProduct_loop:21:pip_dsp_gen:pip_dsp_i|\delay_in_datas:25:taps_inst|delayed_data_rtl_0|auto_generated|dffe3a[0]                ; Conv_0|\DotProduct_loop:21:pip_dsp_gen:pip_dsp_i|\delay_in_datas:25:taps_inst|delayed_data_rtl_0|auto_generated|altera_syncram4|altsyncram7|ram_block8a0~reg0 ; 0.461             ;
; Conv_0|\DotProduct_loop:10:pip_dsp_gen:pip_dsp_i|\delay_in_datas:21:taps_inst|delayed_data_rtl_0|auto_generated|dffe3a[0]                ; Conv_0|\DotProduct_loop:10:pip_dsp_gen:pip_dsp_i|\delay_in_datas:21:taps_inst|delayed_data_rtl_0|auto_generated|altera_syncram4|altsyncram7|ram_block8a6~reg0 ; 0.461             ;
; Conv_0|\DotProduct_loop:26:pip_dsp_gen:pip_dsp_i|\delay_in_datas:25:taps_inst|delayed_data_rtl_0|auto_generated|dffe3a[0]                ; Conv_0|\DotProduct_loop:26:pip_dsp_gen:pip_dsp_i|\delay_in_datas:25:taps_inst|delayed_data_rtl_0|auto_generated|altera_syncram4|altsyncram7|ram_block8a3~reg0 ; 0.461             ;
; Conv_0|\DotProduct_loop:0:pip_dsp_gen:pip_dsp_i|\delay_in_datas:11:taps_inst|delayed_data_rtl_0|auto_generated|altera_counter1|count[3]  ; Conv_0|\DotProduct_loop:0:pip_dsp_gen:pip_dsp_i|\delay_in_datas:11:taps_inst|delayed_data_rtl_0|auto_generated|altera_syncram4|altsyncram7|ram_block8a6~reg0  ; 0.461             ;
; Conv_0|\DotProduct_loop:7:pip_dsp_gen:pip_dsp_i|\delay_in_datas:17:taps_inst|delayed_data_rtl_0|auto_generated|altera_counter1|count[3]  ; Conv_0|\DotProduct_loop:7:pip_dsp_gen:pip_dsp_i|\delay_in_datas:17:taps_inst|delayed_data_rtl_0|auto_generated|altera_syncram4|altsyncram7|ram_block8a6~reg0  ; 0.461             ;
; Conv_0|\DotProduct_loop:24:pip_dsp_gen:pip_dsp_i|\delay_in_datas:11:taps_inst|delayed_data_rtl_0|auto_generated|altera_counter1|count[3] ; Conv_0|\DotProduct_loop:24:pip_dsp_gen:pip_dsp_i|\delay_in_datas:11:taps_inst|delayed_data_rtl_0|auto_generated|altera_syncram4|altsyncram7|ram_block8a6~reg0 ; 0.460             ;
; Conv_0|\DotProduct_loop:26:pip_dsp_gen:pip_dsp_i|\delay_in_datas:16:taps_inst|delayed_data_rtl_0|auto_generated|altera_counter1|count[3] ; Conv_0|\DotProduct_loop:26:pip_dsp_gen:pip_dsp_i|\delay_in_datas:16:taps_inst|delayed_data_rtl_0|auto_generated|altera_syncram4|altsyncram7|ram_block8a3~reg0 ; 0.459             ;
; Conv_0|\DotProduct_loop:10:pip_dsp_gen:pip_dsp_i|\delay_in_datas:17:taps_inst|delayed_data_rtl_0|auto_generated|altera_counter1|count[3] ; Conv_0|\DotProduct_loop:10:pip_dsp_gen:pip_dsp_i|\delay_in_datas:17:taps_inst|delayed_data_rtl_0|auto_generated|altera_syncram4|altsyncram7|ram_block8a6~reg0 ; 0.459             ;
; Conv_0|\DotProduct_loop:30:pip_dsp_gen:pip_dsp_i|\delay_in_datas:7:taps_inst|delayed_data_rtl_0|auto_generated|dffe3a[0]                 ; Conv_0|\DotProduct_loop:30:pip_dsp_gen:pip_dsp_i|\delay_in_datas:7:taps_inst|delayed_data_rtl_0|auto_generated|altera_syncram4|altsyncram7|ram_block8a6~reg0  ; 0.459             ;
; Conv_0|\DotProduct_loop:12:pip_dsp_gen:pip_dsp_i|\delay_in_datas:12:taps_inst|delayed_data_rtl_0|auto_generated|dffe3a[0]                ; Conv_0|\DotProduct_loop:12:pip_dsp_gen:pip_dsp_i|\delay_in_datas:12:taps_inst|delayed_data_rtl_0|auto_generated|altera_syncram4|altsyncram7|ram_block8a6~reg0 ; 0.459             ;
; Conv_0|\DotProduct_loop:17:pip_dsp_gen:pip_dsp_i|\delay_in_datas:14:taps_inst|delayed_data[0][1]                                         ; Conv_0|\DotProduct_loop:17:pip_dsp_gen:pip_dsp_i|\delay_in_datas:14:taps_inst|delayed_data_rtl_0|auto_generated|altera_syncram4|altsyncram7|ram_block8a5~reg0 ; 0.459             ;
; Conv_0|\DotProduct_loop:20:pip_dsp_gen:pip_dsp_i|\delay_in_datas:17:taps_inst|delayed_data_rtl_0|auto_generated|dffe3a[0]                ; Conv_0|\DotProduct_loop:20:pip_dsp_gen:pip_dsp_i|\delay_in_datas:17:taps_inst|delayed_data_rtl_0|auto_generated|altera_syncram4|altsyncram7|ram_block8a6~reg0 ; 0.459             ;
; Conv_0|\DotProduct_loop:17:pip_dsp_gen:pip_dsp_i|\delay_in_datas:23:taps_inst|delayed_data_rtl_0|auto_generated|altera_counter1|count[4] ; Conv_0|\DotProduct_loop:17:pip_dsp_gen:pip_dsp_i|\delay_in_datas:23:taps_inst|delayed_data_rtl_0|auto_generated|altera_syncram4|altsyncram7|ram_block8a6~reg0 ; 0.459             ;
; Conv_0|\DotProduct_loop:0:pip_dsp_gen:pip_dsp_i|\delay_in_datas:18:taps_inst|delayed_data_rtl_0|auto_generated|dffe3a[0]                 ; Conv_0|\DotProduct_loop:0:pip_dsp_gen:pip_dsp_i|\delay_in_datas:18:taps_inst|delayed_data_rtl_0|auto_generated|altera_syncram4|altsyncram7|ram_block8a6~reg0  ; 0.458             ;
; Conv_0|\DotProduct_loop:26:pip_dsp_gen:pip_dsp_i|\delay_in_datas:11:taps_inst|delayed_data_rtl_0|auto_generated|altera_counter1|count[3] ; Conv_0|\DotProduct_loop:26:pip_dsp_gen:pip_dsp_i|\delay_in_datas:11:taps_inst|delayed_data_rtl_0|auto_generated|altera_syncram4|altsyncram7|ram_block8a3~reg0 ; 0.458             ;
; Conv_0|\DotProduct_loop:31:pip_dsp_gen:pip_dsp_i|\delay_in_datas:11:taps_inst|delayed_data_rtl_0|auto_generated|altera_counter1|count[3] ; Conv_0|\DotProduct_loop:31:pip_dsp_gen:pip_dsp_i|\delay_in_datas:11:taps_inst|delayed_data_rtl_0|auto_generated|altera_syncram4|altsyncram7|ram_block8a6~reg0 ; 0.458             ;
; Conv_0|\DotProduct_loop:11:pip_dsp_gen:pip_dsp_i|\delay_in_datas:15:taps_inst|delayed_data_rtl_0|auto_generated|altera_counter1|count[3] ; Conv_0|\DotProduct_loop:11:pip_dsp_gen:pip_dsp_i|\delay_in_datas:15:taps_inst|delayed_data_rtl_0|auto_generated|altera_syncram4|altsyncram7|ram_block8a1~reg0 ; 0.458             ;
; Conv_0|\DotProduct_loop:29:pip_dsp_gen:pip_dsp_i|\delay_in_datas:13:taps_inst|delayed_data_rtl_0|auto_generated|altera_counter1|count[3] ; Conv_0|\DotProduct_loop:29:pip_dsp_gen:pip_dsp_i|\delay_in_datas:13:taps_inst|delayed_data_rtl_0|auto_generated|altera_syncram4|altsyncram7|ram_block8a6~reg0 ; 0.458             ;
; Conv_0|\DotProduct_loop:6:pip_dsp_gen:pip_dsp_i|\delay_in_datas:21:taps_inst|delayed_data_rtl_0|auto_generated|altera_counter1|count[3]  ; Conv_0|\DotProduct_loop:6:pip_dsp_gen:pip_dsp_i|\delay_in_datas:21:taps_inst|delayed_data_rtl_0|auto_generated|altera_syncram4|altsyncram7|ram_block8a6~reg0  ; 0.458             ;
; Conv_0|\DotProduct_loop:30:pip_dsp_gen:pip_dsp_i|\delay_in_datas:21:taps_inst|delayed_data_rtl_0|auto_generated|altera_counter1|count[3] ; Conv_0|\DotProduct_loop:30:pip_dsp_gen:pip_dsp_i|\delay_in_datas:21:taps_inst|delayed_data_rtl_0|auto_generated|altera_syncram4|altsyncram7|ram_block8a6~reg0 ; 0.458             ;
; Conv_0|\DotProduct_loop:31:pip_dsp_gen:pip_dsp_i|\delay_in_datas:23:taps_inst|delayed_data_rtl_0|auto_generated|altera_counter1|count[3] ; Conv_0|\DotProduct_loop:31:pip_dsp_gen:pip_dsp_i|\delay_in_datas:23:taps_inst|delayed_data_rtl_0|auto_generated|altera_syncram4|altsyncram7|ram_block8a2~reg0 ; 0.458             ;
; Conv_0|\DotProduct_loop:5:pip_dsp_gen:pip_dsp_i|\delay_in_datas:21:taps_inst|delayed_data_rtl_0|auto_generated|altera_counter1|count[3]  ; Conv_0|\DotProduct_loop:5:pip_dsp_gen:pip_dsp_i|\delay_in_datas:21:taps_inst|delayed_data_rtl_0|auto_generated|altera_syncram4|altsyncram7|ram_block8a6~reg0  ; 0.458             ;
; Conv_0|\DotProduct_loop:8:pip_dsp_gen:pip_dsp_i|\delay_in_datas:24:taps_inst|delayed_data_rtl_0|auto_generated|altera_counter1|count[3]  ; Conv_0|\DotProduct_loop:8:pip_dsp_gen:pip_dsp_i|\delay_in_datas:24:taps_inst|delayed_data_rtl_0|auto_generated|altera_syncram4|altsyncram7|ram_block8a6~reg0  ; 0.458             ;
; Conv_0|\DotProduct_loop:13:pip_dsp_gen:pip_dsp_i|\delay_in_datas:25:taps_inst|delayed_data_rtl_0|auto_generated|altera_counter1|count[3] ; Conv_0|\DotProduct_loop:13:pip_dsp_gen:pip_dsp_i|\delay_in_datas:25:taps_inst|delayed_data_rtl_0|auto_generated|altera_syncram4|altsyncram7|ram_block8a6~reg0 ; 0.458             ;
; Conv_0|\DotProduct_loop:19:pip_dsp_gen:pip_dsp_i|\delay_in_datas:25:taps_inst|delayed_data_rtl_0|auto_generated|dffe3a[0]                ; Conv_0|\DotProduct_loop:19:pip_dsp_gen:pip_dsp_i|\delay_in_datas:25:taps_inst|delayed_data_rtl_0|auto_generated|altera_syncram4|altsyncram7|ram_block8a1~reg0 ; 0.458             ;
; Conv_0|\DotProduct_loop:10:pip_dsp_gen:pip_dsp_i|\delay_in_datas:10:taps_inst|delayed_data_rtl_0|auto_generated|altera_counter1|count[3] ; Conv_0|\DotProduct_loop:10:pip_dsp_gen:pip_dsp_i|\delay_in_datas:10:taps_inst|delayed_data_rtl_0|auto_generated|altera_syncram4|altsyncram7|ram_block8a1~reg0 ; 0.457             ;
; Conv_0|\DotProduct_loop:0:pip_dsp_gen:pip_dsp_i|\delay_in_datas:9:taps_inst|delayed_data_rtl_0|auto_generated|altera_counter1|count[3]   ; Conv_0|\DotProduct_loop:0:pip_dsp_gen:pip_dsp_i|\delay_in_datas:9:taps_inst|delayed_data_rtl_0|auto_generated|altera_syncram4|altsyncram7|ram_block8a6~reg0   ; 0.457             ;
; Conv_0|\DotProduct_loop:9:pip_dsp_gen:pip_dsp_i|\delay_in_datas:10:taps_inst|delayed_data_rtl_0|auto_generated|altera_counter1|count[3]  ; Conv_0|\DotProduct_loop:9:pip_dsp_gen:pip_dsp_i|\delay_in_datas:10:taps_inst|delayed_data_rtl_0|auto_generated|altera_syncram4|altsyncram7|ram_block8a6~reg0  ; 0.457             ;
; Conv_0|\DotProduct_loop:8:pip_dsp_gen:pip_dsp_i|\delay_in_datas:13:taps_inst|delayed_data_rtl_0|auto_generated|altera_counter1|count[3]  ; Conv_0|\DotProduct_loop:8:pip_dsp_gen:pip_dsp_i|\delay_in_datas:13:taps_inst|delayed_data_rtl_0|auto_generated|altera_syncram4|altsyncram7|ram_block8a6~reg0  ; 0.457             ;
; Conv_0|\DotProduct_loop:3:pip_dsp_gen:pip_dsp_i|\delay_in_datas:15:taps_inst|delayed_data_rtl_0|auto_generated|altera_counter1|count[3]  ; Conv_0|\DotProduct_loop:3:pip_dsp_gen:pip_dsp_i|\delay_in_datas:15:taps_inst|delayed_data_rtl_0|auto_generated|altera_syncram4|altsyncram7|ram_block8a6~reg0  ; 0.457             ;
; Conv_0|\DotProduct_loop:16:pip_dsp_gen:pip_dsp_i|\delay_in_datas:15:taps_inst|delayed_data_rtl_0|auto_generated|altera_counter1|count[3] ; Conv_0|\DotProduct_loop:16:pip_dsp_gen:pip_dsp_i|\delay_in_datas:15:taps_inst|delayed_data_rtl_0|auto_generated|altera_syncram4|altsyncram7|ram_block8a6~reg0 ; 0.457             ;
; Conv_0|\DotProduct_loop:8:pip_dsp_gen:pip_dsp_i|\delay_in_datas:12:taps_inst|delayed_data_rtl_0|auto_generated|altera_counter1|count[3]  ; Conv_0|\DotProduct_loop:8:pip_dsp_gen:pip_dsp_i|\delay_in_datas:12:taps_inst|delayed_data_rtl_0|auto_generated|altera_syncram4|altsyncram7|ram_block8a6~reg0  ; 0.457             ;
+------------------------------------------------------------------------------------------------------------------------------------------+---------------------------------------------------------------------------------------------------------------------------------------------------------------+-------------------+
Note: This table only shows the top 100 path(s) that have the largest delay added for hold.


